<?xml version="1.0" encoding="UTF-8"?>
<testng-results ignored="0" total="1" passed="1" failed="0" skipped="0">
  <reporter-output>
  </reporter-output>
  <suite started-at="2020-03-18T21:32:41 IST" name="Suite" finished-at="2020-03-18T21:32:47 IST" duration-ms="5999">
    <groups>
    </groups>
    <test started-at="2020-03-18T21:32:41 IST" name="Test" finished-at="2020-03-18T21:32:47 IST" duration-ms="5999">
      <class name="RestAssuredTestNG.WeatherAPI">
        <test-method signature="checkChennaiWeather()[pri:0, instance:RestAssuredTestNG.WeatherAPI@1fe20588]" started-at="2020-03-18T21:32:41 IST" name="checkChennaiWeather" finished-at="2020-03-18T21:32:47 IST" duration-ms="5890" status="PASS">
          <reporter-output>
          </reporter-output>
        </test-method> <!-- checkChennaiWeather -->
      </class> <!-- RestAssuredTestNG.WeatherAPI -->
    </test> <!-- Test -->
  </suite> <!-- Suite -->
</testng-results>
